0 verbose cli C:\Program Files\nodejs\node.exe C:\Program Files\nodejs\node_modules\npm\bin\npm-cli.js
1 info using npm@10.5.2
2 info using node@v20.13.1
3 timing npm:load:whichnode Completed in 2ms
4 timing config:load:defaults Completed in 1ms
5 timing config:load:file:C:\Program Files\nodejs\node_modules\npm\npmrc Completed in 1ms
6 timing config:load:builtin Completed in 1ms
7 timing config:load:cli Completed in 1ms
8 timing config:load:env Completed in 0ms
9 timing config:load:file:C:\Users\3892\Documents\New project\.npmrc Completed in 0ms
10 timing config:load:project Completed in 2ms
11 timing config:load:file:C:\Users\3892\.npmrc Completed in 0ms
12 timing config:load:user Completed in 0ms
13 timing config:load:file:C:\Users\3892\AppData\Roaming\npm\etc\npmrc Completed in 0ms
14 timing config:load:global Completed in 0ms
15 timing config:load:setEnvs Completed in 1ms
16 timing config:load Completed in 6ms
17 timing npm:load:configload Completed in 6ms
18 timing config:load:flatten Completed in 1ms
19 timing npm:load:mkdirpcache Completed in 1ms
20 timing npm:load:mkdirplogs Completed in 1ms
21 verbose title npm view playwright-core version
22 verbose argv "view" "playwright-core" "version"
23 timing npm:load:setTitle Completed in 0ms
24 timing npm:load:display Completed in 0ms
25 verbose logfile logs-max:10 dir:C:\Users\3892\Documents\New project\.npm-cache\_logs\2026-04-17T18_29_22_352Z-
26 verbose logfile C:\Users\3892\Documents\New project\.npm-cache\_logs\2026-04-17T18_29_22_352Z-debug-0.log
27 timing npm:load:logFile Completed in 3ms
28 timing npm:load:timers Completed in 0ms
29 timing npm:load:configScope Completed in 0ms
30 timing npm:load Completed in 32ms
31 silly logfile done cleaning log files
32 http fetch GET 200 https://registry.npmjs.org/npm 140ms
33 http fetch GET 200 https://registry.npmjs.org/playwright-core 280ms (cache miss)
34 timing command:view Completed in 417ms
35 notice
35 notice New major version of npm available! 10.5.2 -> 11.12.1
35 notice Changelog: <https://github.com/npm/cli/releases/tag/v11.12.1>
35 notice Run `npm install -g npm@11.12.1` to update!
35 notice
36 verbose exit 0
37 timing npm Completed in 758ms
38 info ok
