0 verbose cli C:\Program Files\nodejs\node.exe C:\Program Files\nodejs\node_modules\npm\bin\npm-cli.js
1 info using npm@10.5.2
2 info using node@v20.13.1
3 timing npm:load:whichnode Completed in 2ms
4 timing config:load:defaults Completed in 2ms
5 timing config:load:file:C:\Program Files\nodejs\node_modules\npm\npmrc Completed in 1ms
6 timing config:load:builtin Completed in 1ms
7 timing config:load:cli Completed in 1ms
8 timing config:load:env Completed in 1ms
9 timing config:load:file:C:\Users\3892\Documents\New project\.npmrc Completed in 0ms
10 timing config:load:project Completed in 1ms
11 timing config:load:file:C:\Users\3892\.npmrc Completed in 1ms
12 timing config:load:user Completed in 1ms
13 timing config:load:file:C:\Users\3892\AppData\Roaming\npm\etc\npmrc Completed in 0ms
14 timing config:load:global Completed in 0ms
15 timing config:load:setEnvs Completed in 1ms
16 timing config:load Completed in 8ms
17 timing npm:load:configload Completed in 8ms
18 timing config:load:flatten Completed in 1ms
19 timing npm:load:mkdirpcache Completed in 1ms
20 timing npm:load:mkdirplogs Completed in 0ms
21 verbose title npm install playwright-core
22 verbose argv "install" "playwright-core"
23 timing npm:load:setTitle Completed in 1ms
24 timing npm:load:display Completed in 0ms
25 verbose logfile logs-max:10 dir:C:\Users\3892\Documents\New project\.npm-cache\_logs\2026-04-17T18_29_32_634Z-
26 verbose logfile C:\Users\3892\Documents\New project\.npm-cache\_logs\2026-04-17T18_29_32_634Z-debug-0.log
27 timing npm:load:logFile Completed in 2ms
28 timing npm:load:timers Completed in 0ms
29 timing npm:load:configScope Completed in 0ms
30 timing npm:load Completed in 31ms
31 timing config:load:flatten Completed in 1ms
32 timing arborist:ctor Completed in 0ms
33 silly logfile done cleaning log files
34 timing arborist:ctor Completed in 0ms
35 timing idealTree:init Completed in 5ms
36 timing idealTree:userRequests Completed in 1ms
37 silly idealTree buildDeps
38 silly fetch manifest playwright-core@*
39 http fetch GET 200 https://registry.npmjs.org/playwright-core 34ms (cache hit)
40 silly placeDep ROOT playwright-core@1.59.1 OK for:  want: *
41 timing idealTree:#root Completed in 110ms
42 timing idealTree:node_modules/playwright-core Completed in 0ms
43 timing idealTree:buildDeps Completed in 110ms
44 timing idealTree:fixDepFlags Completed in 1ms
45 timing idealTree Completed in 119ms
46 timing reify:loadTrees Completed in 120ms
47 timing reify:diffTrees Completed in 1ms
48 silly reify moves {}
49 timing reify:retireShallow Completed in 1ms
50 timing reify:createSparse Completed in 1ms
51 timing reify:loadBundles Completed in 0ms
52 silly tarball no local data for playwright-core@https://registry.npmjs.org/playwright-core/-/playwright-core-1.59.1.tgz. Extracting by manifest.
53 http fetch GET 200 https://registry.npmjs.org/playwright-core/-/playwright-core-1.59.1.tgz 1273ms (cache miss)
54 timing reifyNode:node_modules/playwright-core Completed in 1277ms
55 timing reify:unpack Completed in 1277ms
56 timing reify:unretire Completed in 0ms
57 timing build:queue Completed in 0ms
58 timing build:link:node_modules/playwright-core Completed in 5ms
59 timing build:link Completed in 5ms
60 timing build:deps Completed in 6ms
61 timing build Completed in 6ms
62 timing reify:build Completed in 6ms
63 timing reify:trash Completed in 0ms
64 timing reify:save Completed in 6ms
65 timing reify Completed in 1417ms
66 silly ADD node_modules/playwright-core
67 timing command:install Completed in 1420ms
68 verbose exit 0
69 timing npm Completed in 1846ms
70 info ok
